<?xml version="1.0" encoding="UTF-8"?>
<!-- Generated by org.testng.reporters.JUnitReportReporter -->
<testsuite skipped="0" hostname="SP-JPamintuan-MacBookPro2017.local" name="cucumberOptions.SearchAndLikeTweetTestRunner" tests="1" failures="0" timestamp="2021-02-01T21:42:38 PHT" time="11.492" errors="0">
  <testcase name="runScenario" time="11.492" classname="cucumberOptions.SearchAndLikeTweetTestRunner"/>
</testsuite> <!-- cucumberOptions.SearchAndLikeTweetTestRunner -->
