<?xml version="1.0" encoding="UTF-8"?>
<!-- Generated by org.testng.reporters.JUnitReportReporter -->
<testsuite skipped="0" hostname="SP-JPamintuan-MacBookPro2017.local" name="Twitter.SearchAndLikeTwitterTest" tests="1" failures="0" timestamp="2021-02-01T16:40:59 PHT" time="10.097" errors="0">
  <testcase name="searchAndLike" time="10.097" classname="Twitter.SearchAndLikeTwitterTest"/>
</testsuite> <!-- Twitter.SearchAndLikeTwitterTest -->
