<?xml version="1.0" encoding="UTF-8"?>
<!-- Generated by org.testng.reporters.JUnitReportReporter -->
<testsuite skipped="0" hostname="SP-JPamintuan-MacBookPro2017.local" name="Academy.SearchAndLikeTwitterTest" tests="1" failures="0" timestamp="2021-02-01T08:43:40 PHT" time="10.652" errors="0">
  <testcase name="searchAndLike" time="10.652" classname="Academy.SearchAndLikeTwitterTest"/>
</testsuite> <!-- Academy.SearchAndLikeTwitterTest -->
