<?xml version="1.0" encoding="UTF-8"?>
<!-- Generated by org.testng.reporters.JUnitReportReporter -->
<testsuite skipped="0" hostname="SP-JPamintuan-MacBookPro2017.local" name="Twitter.ReplyTweetTwitterTest" tests="1" failures="0" timestamp="2021-02-01T09:40:52 PHT" time="12.130" errors="0">
  <testcase name="replyTweet" time="12.130" classname="Twitter.ReplyTweetTwitterTest"/>
</testsuite> <!-- Twitter.ReplyTweetTwitterTest -->
