<?xml version="1.0" encoding="UTF-8"?>
<!-- Generated by org.testng.reporters.JUnitReportReporter -->
<testsuite skipped="0" hostname="SP-JPamintuan-MacBookPro2017.local" name="cucumberOptions.LoginTestRunner" tests="2" failures="0" timestamp="2021-02-01T21:42:38 PHT" time="10.128" errors="0">
  <testcase name="runScenario" time="4.736" classname="cucumberOptions.LoginTestRunner"/>
  <testcase name="runScenario" time="5.392" classname="cucumberOptions.LoginTestRunner"/>
</testsuite> <!-- cucumberOptions.LoginTestRunner -->
