<?xml version="1.0" encoding="UTF-8"?>
<!-- Generated by org.testng.reporters.JUnitReportReporter -->
<testsuite skipped="0" hostname="SP-JPamintuan-MacBookPro2017.local" name="cucumberOptions.TestRunner" tests="2" failures="0" timestamp="2021-02-01T15:13:01 PHT" time="10.061" errors="0">
  <testcase name="runScenario" time="4.525" classname="cucumberOptions.TestRunner"/>
  <testcase name="runScenario" time="5.536" classname="cucumberOptions.TestRunner"/>
</testsuite> <!-- cucumberOptions.TestRunner -->
