<?xml version="1.0" encoding="UTF-8"?>
<!-- Generated by org.testng.reporters.JUnitReportReporter -->
<testsuite skipped="0" hostname="SP-JPamintuan-MacBookPro2017.local" name="Twitter.ParameterizedLoginTwitterTest" tests="2" failures="0" timestamp="2021-02-01T09:40:52 PHT" time="5.729" errors="0">
  <testcase name="login" time="2.387" classname="Twitter.ParameterizedLoginTwitterTest"/>
  <testcase name="login" time="3.342" classname="Twitter.ParameterizedLoginTwitterTest"/>
</testsuite> <!-- Twitter.ParameterizedLoginTwitterTest -->
