<?xml version="1.0" encoding="UTF-8"?>
<!-- Generated by org.testng.reporters.JUnitReportReporter -->
<testsuite skipped="0" hostname="SP-JPamintuan-MacBookPro2017.local" name="Academy.LoginTwitterTest" tests="2" failures="0" timestamp="2021-01-31T18:50:54 PHT" time="7.450" errors="0">
  <testcase name="login" time="2.707" classname="Academy.LoginTwitterTest"/>
  <testcase name="login" time="4.743" classname="Academy.LoginTwitterTest"/>
</testsuite> <!-- Academy.LoginTwitterTest -->
