<?xml version="1.0" encoding="UTF-8"?>
<!-- Generated by org.testng.reporters.JUnitReportReporter -->
<testsuite skipped="0" hostname="SP-JPamintuan-MacBookPro2017.local" name="Academy.sample" tests="1" failures="0" timestamp="2021-01-31T22:49:33 PHT" time="14.089" errors="0">
  <testcase name="login" time="14.089" classname="Academy.sample"/>
</testsuite> <!-- Academy.sample -->
