<?xml version="1.0" encoding="UTF-8"?>
<!-- Generated by org.testng.reporters.JUnitReportReporter -->
<testsuite skipped="0" hostname="SP-JPamintuan-MacBookPro2017.local" name="Academy.ValidLoginTwitterTest" tests="1" failures="0" timestamp="2021-01-31T23:54:35 PHT" time="8.664" errors="0">
  <testcase name="validLogin" time="8.664" classname="Academy.ValidLoginTwitterTest"/>
</testsuite> <!-- Academy.ValidLoginTwitterTest -->
