<?xml version="1.0" encoding="UTF-8"?>
<!-- Generated by org.testng.reporters.JUnitReportReporter -->
<testsuite skipped="0" hostname="SP-JPamintuan-MacBookPro2017.local" name="cucumberOptions.ReplyTweetTestRunner" tests="1" failures="0" timestamp="2021-02-01T21:59:38 PHT" time="15.859" errors="0">
  <testcase name="runScenario" time="15.859" classname="cucumberOptions.ReplyTweetTestRunner"/>
</testsuite> <!-- cucumberOptions.ReplyTweetTestRunner -->
