<?xml version="1.0" encoding="UTF-8"?>
<!-- Generated by org.testng.reporters.JUnitReportReporter -->
<testsuite skipped="0" hostname="SP-JPamintuan-MacBookPro2017.local" name="Academy.validateNavigationBar" tests="1" failures="0" timestamp="2021-01-31T15:51:16 PHT" time="0.051" errors="0">
  <testcase name="validateAppNavBar" time="0.051" classname="Academy.validateNavigationBar"/>
</testsuite> <!-- Academy.validateNavigationBar -->
