<?xml version="1.0" encoding="UTF-8"?>
<!-- Generated by org.testng.reporters.JUnitReportReporter -->
<testsuite skipped="0" hostname="SP-JPamintuan-MacBookPro2017.local" name="Twitter.CreateTweetTwitterTest" tests="1" failures="0" timestamp="2021-02-01T09:40:52 PHT" time="11.881" errors="0">
  <testcase name="createTweet" time="11.881" classname="Twitter.CreateTweetTwitterTest"/>
</testsuite> <!-- Twitter.CreateTweetTwitterTest -->
