<?xml version="1.0" encoding="UTF-8"?>
<!-- Generated by org.testng.reporters.JUnitReportReporter -->
<testsuite skipped="0" hostname="SP-JPamintuan-MacBookPro2017.local" name="Twitter.DeleteTweetTwitterTest" tests="1" failures="0" timestamp="2021-02-01T09:40:52 PHT" time="9.470" errors="0">
  <testcase name="deleteTweet" time="9.470" classname="Twitter.DeleteTweetTwitterTest"/>
</testsuite> <!-- Twitter.DeleteTweetTwitterTest -->
