<?xml version="1.0" encoding="UTF-8"?>
<!-- Generated by org.testng.reporters.JUnitReportReporter -->
<testsuite skipped="0" hostname="SP-JPamintuan-MacBookPro2017.local" name="cucumberOptions.DeleteTweetTestRunner" tests="1" failures="0" timestamp="2021-02-01T21:42:38 PHT" time="13.203" errors="0">
  <testcase name="runScenario" time="13.203" classname="cucumberOptions.DeleteTweetTestRunner"/>
</testsuite> <!-- cucumberOptions.DeleteTweetTestRunner -->
