<?xml version="1.0" encoding="UTF-8"?>
<!-- Generated by org.testng.reporters.JUnitReportReporter -->
<testsuite skipped="0" hostname="SP-JPamintuan-MacBookPro2017.local" name="Academy.HomePage" tests="2" failures="0" timestamp="2021-01-31T17:44:03 PHT" time="6.258" errors="0">
  <testcase name="basePageNavigation" time="2.405" classname="Academy.HomePage"/>
  <testcase name="basePageNavigation" time="3.853" classname="Academy.HomePage"/>
</testsuite> <!-- Academy.HomePage -->
