<?xml version="1.0" encoding="UTF-8"?>
<!-- Generated by org.testng.reporters.JUnitReportReporter -->
<testsuite skipped="0" hostname="SP-JPamintuan-MacBookPro2017.local" name="Academy.ParameterizedLoginTwitterTest" tests="2" failures="0" timestamp="2021-02-01T08:43:40 PHT" time="6.215" errors="0">
  <testcase name="login" time="2.465" classname="Academy.ParameterizedLoginTwitterTest"/>
  <testcase name="login" time="3.750" classname="Academy.ParameterizedLoginTwitterTest"/>
</testsuite> <!-- Academy.ParameterizedLoginTwitterTest -->
