<?xml version="1.0" encoding="UTF-8"?>
<!-- Generated by org.testng.reporters.JUnitReportReporter -->
<testsuite skipped="0" hostname="SP-JPamintuan-MacBookPro2017.local" name="Academy.ReplyTweetTwitterTest" tests="1" failures="0" timestamp="2021-02-01T08:43:40 PHT" time="10.838" errors="0">
  <testcase name="replyTweet" time="10.838" classname="Academy.ReplyTweetTwitterTest"/>
</testsuite> <!-- Academy.ReplyTweetTwitterTest -->
