<?xml version="1.0" encoding="UTF-8"?>
<!-- Generated by org.testng.reporters.JUnitReportReporter -->
<testsuite skipped="0" hostname="SP-JPamintuan-MacBookPro2017.local" name="cucumberOptions.LoginFeatureTestRunner" tests="2" failures="0" timestamp="2021-02-01T17:04:42 PHT" time="12.582" errors="0">
  <testcase name="runScenario" time="4.877" classname="cucumberOptions.LoginFeatureTestRunner"/>
  <testcase name="runScenario" time="7.705" classname="cucumberOptions.LoginFeatureTestRunner"/>
</testsuite> <!-- cucumberOptions.LoginFeatureTestRunner -->
